<?xml version="1.0" encoding="UTF-8"?>
<testsuite xmlns:xsi="http://www.w3.org/2001/XMLSchema-instance" xsi:noNamespaceSchemaLocation="https://maven.apache.org/surefire/maven-surefire-plugin/xsd/surefire-test-report.xsd" name="ut8.ut8_pd1.TGrafoNoDirigidoTest" time="0" tests="4" errors="0" skipped="0" failures="0">
  <properties>
[...]
</properties>
  <testcase name="testBea" classname="ut8.ut8_pd1.TGrafoNoDirigidoTest" time="0"/>
  <testcase name="testBpf" classname="ut8.ut8_pd1.TGrafoNoDirigidoTest" time="0"/>
  <testcase name="testPrim" classname="ut8.ut8_pd1.TGrafoNoDirigidoTest" time="0"/>
  <testcase name="testKruskal" classname="ut8.ut8_pd1.TGrafoNoDirigidoTest" time="0"/>
</testsuite>